0 info it worked if it ends with ok
1 verbose cli [ '/Users/apple/.nvm/versions/node/v6.11.2/bin/node',
1 verbose cli   '/Users/apple/.nvm/versions/node/v6.11.2/bin/npm',
1 verbose cli   'run',
1 verbose cli   'dev' ]
2 info using npm@3.10.10
3 info using node@v6.11.2
4 verbose run-script [ 'predev', 'dev', 'postdev' ]
5 info lifecycle iview-project@3.0.0~predev: iview-project@3.0.0
6 silly lifecycle iview-project@3.0.0~predev: no script for predev, continuing
7 info lifecycle iview-project@3.0.0~dev: iview-project@3.0.0
8 verbose lifecycle iview-project@3.0.0~dev: unsafe-perm in lifecycle true
9 verbose lifecycle iview-project@3.0.0~dev: PATH: /Users/apple/.nvm/versions/node/v6.11.2/lib/node_modules/npm/bin/node-gyp-bin:/Users/apple/Desktop/workspace/company-info/company-info-client/node_modules/.bin:/usr/local/opt/icu4c/sbin:/usr/local/opt/icu4c/bin:/Users/apple/.pyenv/shims:/Users/apple/.pyenv/bin:/Users/apple/.nvm/versions/node/v6.11.2/bin:/Library/Frameworks/Python.framework/Versions/3.7/bin:/usr/local/bin:/usr/bin:/bin:/usr/sbin:/sbin:/usr/local/opt/icu4c/sbin:/usr/local/opt/icu4c/bin:/Users/apple/.pyenv/shims:/Users/apple/.pyenv/bin:/Library/Frameworks/Python.framework/Versions/3.7/bin:/Users/apple/Workspace/tools/:/Users/apple/Workspace/android-sdk/platform-tools/:/Users/apple/Workspace/android-sdk/tools/:/Users/apple/Workspace/android-ndk-r10e/:/Users/apple/Workspace/go/bin:/Users/apple/.composer/vendor/bin:/Users/apple/Workspace/tools/:/Users/apple/Workspace/android-sdk/platform-tools/:/Users/apple/Workspace/android-sdk/tools/:/Users/apple/Workspace/android-ndk-r10e/:/Users/apple/Workspace/go/bin:/Users/apple/.composer/vendor/bin
10 verbose lifecycle iview-project@3.0.0~dev: CWD: /Users/apple/Desktop/workspace/company-info/company-info-client
11 silly lifecycle iview-project@3.0.0~dev: Args: [ '-c',
11 silly lifecycle   'webpack-dev-server --content-base ./ --open --inline --hot --compress --history-api-fallback --config webpack.dev.config.js' ]
12 silly lifecycle iview-project@3.0.0~dev: Returned: code: 1  signal: null
13 info lifecycle iview-project@3.0.0~dev: Failed to exec dev script
14 verbose stack Error: iview-project@3.0.0 dev: `webpack-dev-server --content-base ./ --open --inline --hot --compress --history-api-fallback --config webpack.dev.config.js`
14 verbose stack Exit status 1
14 verbose stack     at EventEmitter.<anonymous> (/Users/apple/.nvm/versions/node/v6.11.2/lib/node_modules/npm/lib/utils/lifecycle.js:255:16)
14 verbose stack     at emitTwo (events.js:106:13)
14 verbose stack     at EventEmitter.emit (events.js:191:7)
14 verbose stack     at ChildProcess.<anonymous> (/Users/apple/.nvm/versions/node/v6.11.2/lib/node_modules/npm/lib/utils/spawn.js:40:14)
14 verbose stack     at emitTwo (events.js:106:13)
14 verbose stack     at ChildProcess.emit (events.js:191:7)
14 verbose stack     at maybeClose (internal/child_process.js:891:16)
14 verbose stack     at Process.ChildProcess._handle.onexit (internal/child_process.js:226:5)
15 verbose pkgid iview-project@3.0.0
16 verbose cwd /Users/apple/Desktop/workspace/company-info/company-info-client
17 error Darwin 17.2.0
18 error argv "/Users/apple/.nvm/versions/node/v6.11.2/bin/node" "/Users/apple/.nvm/versions/node/v6.11.2/bin/npm" "run" "dev"
19 error node v6.11.2
20 error npm  v3.10.10
21 error code ELIFECYCLE
22 error iview-project@3.0.0 dev: `webpack-dev-server --content-base ./ --open --inline --hot --compress --history-api-fallback --config webpack.dev.config.js`
22 error Exit status 1
23 error Failed at the iview-project@3.0.0 dev script 'webpack-dev-server --content-base ./ --open --inline --hot --compress --history-api-fallback --config webpack.dev.config.js'.
23 error Make sure you have the latest version of node.js and npm installed.
23 error If you do, this is most likely a problem with the iview-project package,
23 error not with npm itself.
23 error Tell the author that this fails on your system:
23 error     webpack-dev-server --content-base ./ --open --inline --hot --compress --history-api-fallback --config webpack.dev.config.js
23 error You can get information on how to open an issue for this project with:
23 error     npm bugs iview-project
23 error Or if that isn't available, you can get their info via:
23 error     npm owner ls iview-project
23 error There is likely additional logging output above.
24 verbose exit [ 1, true ]
